#
# There is insufficient memory for the Java Runtime Environment to continue.
# Native memory allocation (malloc) failed to allocate 1047160 bytes. Error detail: Chunk::new
# Possible reasons:
#   The system is out of physical RAM or swap space
#   This process is running with CompressedOops enabled, and the Java Heap may be blocking the growth of the native heap
# Possible solutions:
#   Reduce memory load on the system
#   Increase physical memory or swap space
#   Check if swap backing store is full
#   Decrease Java heap size (-Xmx/-Xms)
#   Decrease number of Java threads
#   Decrease Java thread stack sizes (-Xss)
#   Set larger code cache with -XX:ReservedCodeCacheSize=
#   JVM is running with Unscaled Compressed Oops mode in which the Java heap is
#     placed in the first 4GB address space. The Java Heap base address is the
#     maximum limit for the native heap growth. Please use -XX:HeapBaseMinAddress
#     to set the Java Heap base and to place the Java Heap above 4GB virtual address.
# This output file may be truncated or incomplete.
#
#  Out of Memory Error (arena.cpp:162), pid=29232, tid=10924
#
# JRE version: Java(TM) SE Runtime Environment (24.0.1+9) (build 24.0.1+9-30)
# Java VM: Java HotSpot(TM) 64-Bit Server VM (24.0.1+9-30, mixed mode, sharing, tiered, compressed oops, compressed class ptrs, g1 gc, windows-amd64)
# No core dump will be written. Minidumps are not enabled by default on client versions of Windows
#

---------------  S U M M A R Y ------------

Command Line: -Dfile.encoding=UTF-8 -Dstdout.encoding=UTF-8 -Dstderr.encoding=UTF-8 -XX:+ShowCodeDetailsInExceptionMessages datadriven.icicicalculator

Host: AMD Ryzen 5 5500U with Radeon Graphics         , 12 cores, 5G,  Windows 11 , 64 bit Build 22621 (10.0.22621.5415)
Time: Fri Jun 20 18:53:23 2025 India Standard Time elapsed time: 2.303436 seconds (0d 0h 0m 2s)

---------------  T H R E A D  ---------------

Current thread (0x000001d55ca4d150):  JavaThread "C2 CompilerThread0" daemon [_thread_in_native, id=10924, stack(0x0000005ea2400000,0x0000005ea2500000) (1024K)]


Current CompileTask:
C2:2303 1691       4       jdk.internal.classfile.impl.StackMapGenerator::processBlock (2767 bytes)

Stack: [0x0000005ea2400000,0x0000005ea2500000]
Native frames: (J=compiled Java code, j=interpreted, Vv=VM code, C=native code)
V  [jvm.dll+0x730739]  (no source info available)
V  [jvm.dll+0x8d9b23]  (no source info available)
V  [jvm.dll+0x8dc00d]  (no source info available)
V  [jvm.dll+0x8dc683]  (no source info available)
V  [jvm.dll+0x2aa086]  (no source info available)
V  [jvm.dll+0xcedef]  (no source info available)
V  [jvm.dll+0xcf04f]  (no source info available)
V  [jvm.dll+0x3f373c]  (no source info available)
V  [jvm.dll+0x3c0100]  (no source info available)
V  [jvm.dll+0x3bf58a]  (no source info available)
V  [jvm.dll+0x26f777]  (no source info available)
V  [jvm.dll+0x26ea3f]  (no source info available)
V  [jvm.dll+0x1e9d60]  (no source info available)
V  [jvm.dll+0x27e1fb]  (no source info available)
V  [jvm.dll+0x27c49a]  (no source info available)
V  [jvm.dll+0x42f456]  (no source info available)
V  [jvm.dll+0x87d76b]  (no source info available)
V  [jvm.dll+0x72ee55]  (no source info available)
C  [ucrtbase.dll+0x29333]  (no source info available)
C  [KERNEL32.DLL+0x1259d]  (no source info available)
C  [ntdll.dll+0x5af78]  (no source info available)

Lock stack of current Java thread (top to bottom):


---------------  P R O C E S S  ---------------

Threads class SMR info:
_java_thread_list=0x000001d5a2bc1d00, length=23, elements={
0x000001d53df72890, 0x000001d55ca348a0, 0x000001d55ca352a0, 0x000001d55ca389f0,
0x000001d55ca397a0, 0x000001d55ca3a400, 0x000001d55ca3af30, 0x000001d55ca4d150,
0x000001d55ca4ff40, 0x000001d55cae5060, 0x000001d55caec280, 0x000001d5a2681cc0,
0x000001d5a272b1c0, 0x000001d5a2752710, 0x000001d5a275ee80, 0x000001d5a275f5c0,
0x000001d5a2763d10, 0x000001d5a2766860, 0x000001d5a2b65000, 0x000001d5a2b65ea0,
0x000001d5a2b648b0, 0x000001d5a2b66d40, 0x000001d5a2b65750
}

Java Threads: ( => current thread )
  0x000001d53df72890 JavaThread "Forwarding newSession on session null to remote"        [_thread_blocked, id=27004, stack(0x0000005ea1600000,0x0000005ea1700000) (1024K)]
  0x000001d55ca348a0 JavaThread "Reference Handler"          daemon [_thread_blocked, id=16364, stack(0x0000005ea1e00000,0x0000005ea1f00000) (1024K)]
  0x000001d55ca352a0 JavaThread "Finalizer"                  daemon [_thread_blocked, id=35812, stack(0x0000005ea1f00000,0x0000005ea2000000) (1024K)]
  0x000001d55ca389f0 JavaThread "Signal Dispatcher"          daemon [_thread_blocked, id=39284, stack(0x0000005ea2000000,0x0000005ea2100000) (1024K)]
  0x000001d55ca397a0 JavaThread "Attach Listener"            daemon [_thread_blocked, id=36964, stack(0x0000005ea2100000,0x0000005ea2200000) (1024K)]
  0x000001d55ca3a400 JavaThread "Service Thread"             daemon [_thread_blocked, id=36516, stack(0x0000005ea2200000,0x0000005ea2300000) (1024K)]
  0x000001d55ca3af30 JavaThread "Monitor Deflation Thread"   daemon [_thread_blocked, id=21840, stack(0x0000005ea2300000,0x0000005ea2400000) (1024K)]
=>0x000001d55ca4d150 JavaThread "C2 CompilerThread0"         daemon [_thread_in_native, id=10924, stack(0x0000005ea2400000,0x0000005ea2500000) (1024K)]
  0x000001d55ca4ff40 JavaThread "C1 CompilerThread0"         daemon [_thread_blocked, id=38440, stack(0x0000005ea2500000,0x0000005ea2600000) (1024K)]
  0x000001d55cae5060 JavaThread "Notification Thread"        daemon [_thread_blocked, id=45028, stack(0x0000005ea2600000,0x0000005ea2700000) (1024K)]
  0x000001d55caec280 JavaThread "Common-Cleaner"             daemon [_thread_blocked, id=43972, stack(0x0000005ea2700000,0x0000005ea2800000) (1024K)]
  0x000001d5a2681cc0 JavaThread "ForkJoinPool.commonPool-worker-1" daemon [_thread_blocked, id=16268, stack(0x0000005ea2800000,0x0000005ea2900000) (1024K)]
  0x000001d5a272b1c0 JavaThread "HttpClient-1-SelectorManager" daemon [_thread_in_native, id=46540, stack(0x0000005ea2900000,0x0000005ea2a00000) (1024K)]
  0x000001d5a2752710 JavaThread "External Process Output Forwarder - C:\Users\Rishi\.cache\selenium\chromedriver\win64\137.0.7151.119\chromedriver.exe" daemon [_thread_in_native, id=39388, stack(0x0000005ea2a00000,0x0000005ea2b00000) (1024K)]
  0x000001d5a275ee80 JavaThread "Driver Service Executor"    daemon [_thread_blocked, id=29388, stack(0x0000005ea2b00000,0x0000005ea2c00000) (1024K)]
  0x000001d5a275f5c0 JavaThread "Driver Service Executor"    daemon [_thread_in_native, id=30960, stack(0x0000005ea2c00000,0x0000005ea2d00000) (1024K)]
  0x000001d5a2763d10 JavaThread "UrlChecker-2"               daemon [_thread_blocked, id=15712, stack(0x0000005ea2d00000,0x0000005ea2e00000) (1024K)]
  0x000001d5a2766860 JavaThread "Keep-Alive-Timer"           daemon [_thread_blocked, id=20300, stack(0x0000005ea2f00000,0x0000005ea3000000) (1024K)]
  0x000001d5a2b65000 JavaThread "JdkHttpClient-0-0"          daemon [_thread_blocked, id=16988, stack(0x0000005ea3000000,0x0000005ea3100000) (1024K)]
  0x000001d5a2b65ea0 JavaThread "CompletableFutureDelayScheduler" daemon [_thread_blocked, id=17340, stack(0x0000005ea3100000,0x0000005ea3200000) (1024K)]
  0x000001d5a2b648b0 JavaThread "JdkHttpClient-0-1"          daemon [_thread_blocked, id=24028, stack(0x0000005ea3200000,0x0000005ea3300000) (1024K)]
  0x000001d5a2b66d40 JavaThread "JdkHttpClient-0-2"          daemon [_thread_blocked, id=46072, stack(0x0000005ea3300000,0x0000005ea3400000) (1024K)]
  0x000001d5a2b65750 JavaThread "JdkHttpClient-0-3"          daemon [_thread_blocked, id=40196, stack(0x0000005ea3400000,0x0000005ea3500000) (1024K)]
Total: 23

Other Threads:
  0x000001d55ca23aa0 VMThread "VM Thread"                           [id=31528, stack(0x0000005ea1d00000,0x0000005ea1e00000) (1024K)]
  0x000001d55ca159b0 WatcherThread "VM Periodic Task Thread"        [id=45300, stack(0x0000005ea1c00000,0x0000005ea1d00000) (1024K)]
  0x000001d54030ac90 WorkerThread "GC Thread#0"                     [id=24680, stack(0x0000005ea1700000,0x0000005ea1800000) (1024K)]
  0x000001d54031a790 ConcurrentGCThread "G1 Main Marker"            [id=45004, stack(0x0000005ea1800000,0x0000005ea1900000) (1024K)]
  0x000001d54031cbd0 WorkerThread "G1 Conc#0"                       [id=2196, stack(0x0000005ea1900000,0x0000005ea1a00000) (1024K)]
  0x000001d54037e440 ConcurrentGCThread "G1 Refine#0"               [id=29104, stack(0x0000005ea1a00000,0x0000005ea1b00000) (1024K)]
  0x000001d55c8dd120 ConcurrentGCThread "G1 Service"                [id=46784, stack(0x0000005ea1b00000,0x0000005ea1c00000) (1024K)]
Total: 7

Threads with active compile tasks:
C2 CompilerThread0  2443 1691       4       jdk.internal.classfile.impl.StackMapGenerator::processBlock (2767 bytes)
C1 CompilerThread0  2443 1736       3       java.net.URI$Parser::scan (76 bytes)
Total: 2

VM state: not at safepoint (normal execution)

VM Mutex/Monitor currently owned by a thread: None

Heap address: 0x00000000a2200000, size: 1502 MB, Compressed Oops mode: 32-bit

CDS archive(s) mapped at: [0x000001d55d000000-0x000001d55dd40000-0x000001d55dd40000), size 13893632, SharedBaseAddress: 0x000001d55d000000, ArchiveRelocationMode: 1.
Compressed class space mapped at: 0x000001d55e000000-0x000001d59e000000, reserved size: 1073741824
UseCompressedClassPointers 1, UseCompactObjectHeaders 0
Narrow klass pointer bits 32, Max shift 3
Narrow klass base: 0x000001d55d000000, Narrow klass shift: 0
Encoding Range: [0x000001d55d000000 - 0x000001d65d000000), (4294967296 bytes)
Klass Range:    [0x000001d55d000000 - 0x000001d59e000000), (1090519040 bytes)
Klass ID Range:  [8 - 1090519033) (1090519025)

GC Precious Log:
 CardTable entry size: 512
 Card Set container configuration: InlinePtr #cards 5 size 8 Array Of Cards #cards 10 size 36 Howl #buckets 4 coarsen threshold 1843 Howl Bitmap #cards 512 size 80 coarsen threshold 460 Card regions per heap region 1 cards per card region 2048
 CPUs: 12 total, 12 available
 Memory: 6005M
 Large Page Support: Disabled
 NUMA Support: Disabled
 Compressed Oops: Enabled (32-bit)
 Heap Region Size: 1M
 Heap Min Capacity: 8M
 Heap Initial Capacity: 94M
 Heap Max Capacity: 1502M
 Pre-touch: Disabled
 Parallel Workers: 10
 Concurrent Workers: 3
 Concurrent Refinement Workers: 10
 Periodic GC: Disabled

Heap:
 garbage-first heap   total reserved 1538048K, committed 98304K, used 40052K [0x00000000a2200000, 0x0000000100000000)
  region size 1024K, 39 young (39936K), 0 survivors (0K)
 Metaspace       used 10897K, committed 11200K, reserved 1114112K
  class space    used 1118K, committed 1280K, reserved 1048576K

Heap Regions: E=young(eden), S=young(survivor), O=old, HS=humongous(starts), HC=humongous(continues), CS=collection set, F=free, TAMS=top-at-mark-start, PB=parsable bottom
|   0|0x00000000a2200000, 0x00000000a2300000, 0x00000000a2300000|100%|HS|  |TAMS 0x00000000a2200000| PB 0x00000000a2200000| Complete |  0
|   1|0x00000000a2300000, 0x00000000a2300000, 0x00000000a2400000|  0%| F|  |TAMS 0x00000000a2300000| PB 0x00000000a2300000| Untracked |  0
|   2|0x00000000a2400000, 0x00000000a2400000, 0x00000000a2500000|  0%| F|  |TAMS 0x00000000a2400000| PB 0x00000000a2400000| Untracked |  0
|   3|0x00000000a2500000, 0x00000000a2500000, 0x00000000a2600000|  0%| F|  |TAMS 0x00000000a2500000| PB 0x00000000a2500000| Untracked |  0
|   4|0x00000000a2600000, 0x00000000a2600000, 0x00000000a2700000|  0%| F|  |TAMS 0x00000000a2600000| PB 0x00000000a2600000| Untracked |  0
|   5|0x00000000a2700000, 0x00000000a2700000, 0x00000000a2800000|  0%| F|  |TAMS 0x00000000a2700000| PB 0x00000000a2700000| Untracked |  0
|   6|0x00000000a2800000, 0x00000000a2800000, 0x00000000a2900000|  0%| F|  |TAMS 0x00000000a2800000| PB 0x00000000a2800000| Untracked |  0
|   7|0x00000000a2900000, 0x00000000a2900000, 0x00000000a2a00000|  0%| F|  |TAMS 0x00000000a2900000| PB 0x00000000a2900000| Untracked |  0
|   8|0x00000000a2a00000, 0x00000000a2a00000, 0x00000000a2b00000|  0%| F|  |TAMS 0x00000000a2a00000| PB 0x00000000a2a00000| Untracked |  0
|   9|0x00000000a2b00000, 0x00000000a2b00000, 0x00000000a2c00000|  0%| F|  |TAMS 0x00000000a2b00000| PB 0x00000000a2b00000| Untracked |  0
|  10|0x00000000a2c00000, 0x00000000a2c00000, 0x00000000a2d00000|  0%| F|  |TAMS 0x00000000a2c00000| PB 0x00000000a2c00000| Untracked |  0
|  11|0x00000000a2d00000, 0x00000000a2d00000, 0x00000000a2e00000|  0%| F|  |TAMS 0x00000000a2d00000| PB 0x00000000a2d00000| Untracked |  0
|  12|0x00000000a2e00000, 0x00000000a2e00000, 0x00000000a2f00000|  0%| F|  |TAMS 0x00000000a2e00000| PB 0x00000000a2e00000| Untracked |  0
|  13|0x00000000a2f00000, 0x00000000a2f00000, 0x00000000a3000000|  0%| F|  |TAMS 0x00000000a2f00000| PB 0x00000000a2f00000| Untracked |  0
|  14|0x00000000a3000000, 0x00000000a3000000, 0x00000000a3100000|  0%| F|  |TAMS 0x00000000a3000000| PB 0x00000000a3000000| Untracked |  0
|  15|0x00000000a3100000, 0x00000000a3100000, 0x00000000a3200000|  0%| F|  |TAMS 0x00000000a3100000| PB 0x00000000a3100000| Untracked |  0
|  16|0x00000000a3200000, 0x00000000a3200000, 0x00000000a3300000|  0%| F|  |TAMS 0x00000000a3200000| PB 0x00000000a3200000| Untracked |  0
|  17|0x00000000a3300000, 0x00000000a3300000, 0x00000000a3400000|  0%| F|  |TAMS 0x00000000a3300000| PB 0x00000000a3300000| Untracked |  0
|  18|0x00000000a3400000, 0x00000000a3400000, 0x00000000a3500000|  0%| F|  |TAMS 0x00000000a3400000| PB 0x00000000a3400000| Untracked |  0
|  19|0x00000000a3500000, 0x00000000a3500000, 0x00000000a3600000|  0%| F|  |TAMS 0x00000000a3500000| PB 0x00000000a3500000| Untracked |  0
|  20|0x00000000a3600000, 0x00000000a3600000, 0x00000000a3700000|  0%| F|  |TAMS 0x00000000a3600000| PB 0x00000000a3600000| Untracked |  0
|  21|0x00000000a3700000, 0x00000000a3700000, 0x00000000a3800000|  0%| F|  |TAMS 0x00000000a3700000| PB 0x00000000a3700000| Untracked |  0
|  22|0x00000000a3800000, 0x00000000a3800000, 0x00000000a3900000|  0%| F|  |TAMS 0x00000000a3800000| PB 0x00000000a3800000| Untracked |  0
|  23|0x00000000a3900000, 0x00000000a3900000, 0x00000000a3a00000|  0%| F|  |TAMS 0x00000000a3900000| PB 0x00000000a3900000| Untracked |  0
|  24|0x00000000a3a00000, 0x00000000a3a00000, 0x00000000a3b00000|  0%| F|  |TAMS 0x00000000a3a00000| PB 0x00000000a3a00000| Untracked |  0
|  25|0x00000000a3b00000, 0x00000000a3b00000, 0x00000000a3c00000|  0%| F|  |TAMS 0x00000000a3b00000| PB 0x00000000a3b00000| Untracked |  0
|  26|0x00000000a3c00000, 0x00000000a3c00000, 0x00000000a3d00000|  0%| F|  |TAMS 0x00000000a3c00000| PB 0x00000000a3c00000| Untracked |  0
|  27|0x00000000a3d00000, 0x00000000a3d00000, 0x00000000a3e00000|  0%| F|  |TAMS 0x00000000a3d00000| PB 0x00000000a3d00000| Untracked |  0
|  28|0x00000000a3e00000, 0x00000000a3e00000, 0x00000000a3f00000|  0%| F|  |TAMS 0x00000000a3e00000| PB 0x00000000a3e00000| Untracked |  0
|  29|0x00000000a3f00000, 0x00000000a3f00000, 0x00000000a4000000|  0%| F|  |TAMS 0x00000000a3f00000| PB 0x00000000a3f00000| Untracked |  0
|  30|0x00000000a4000000, 0x00000000a4000000, 0x00000000a4100000|  0%| F|  |TAMS 0x00000000a4000000| PB 0x00000000a4000000| Untracked |  0
|  31|0x00000000a4100000, 0x00000000a4100000, 0x00000000a4200000|  0%| F|  |TAMS 0x00000000a4100000| PB 0x00000000a4100000| Untracked |  0
|  32|0x00000000a4200000, 0x00000000a4200000, 0x00000000a4300000|  0%| F|  |TAMS 0x00000000a4200000| PB 0x00000000a4200000| Untracked |  0
|  33|0x00000000a4300000, 0x00000000a4300000, 0x00000000a4400000|  0%| F|  |TAMS 0x00000000a4300000| PB 0x00000000a4300000| Untracked |  0
|  34|0x00000000a4400000, 0x00000000a4400000, 0x00000000a4500000|  0%| F|  |TAMS 0x00000000a4400000| PB 0x00000000a4400000| Untracked |  0
|  35|0x00000000a4500000, 0x00000000a4500000, 0x00000000a4600000|  0%| F|  |TAMS 0x00000000a4500000| PB 0x00000000a4500000| Untracked |  0
|  36|0x00000000a4600000, 0x00000000a4600000, 0x00000000a4700000|  0%| F|  |TAMS 0x00000000a4600000| PB 0x00000000a4600000| Untracked |  0
|  37|0x00000000a4700000, 0x00000000a4700000, 0x00000000a4800000|  0%| F|  |TAMS 0x00000000a4700000| PB 0x00000000a4700000| Untracked |  0
|  38|0x00000000a4800000, 0x00000000a4800000, 0x00000000a4900000|  0%| F|  |TAMS 0x00000000a4800000| PB 0x00000000a4800000| Untracked |  0
|  39|0x00000000a4900000, 0x00000000a4900000, 0x00000000a4a00000|  0%| F|  |TAMS 0x00000000a4900000| PB 0x00000000a4900000| Untracked |  0
|  40|0x00000000a4a00000, 0x00000000a4a00000, 0x00000000a4b00000|  0%| F|  |TAMS 0x00000000a4a00000| PB 0x00000000a4a00000| Untracked |  0
|  41|0x00000000a4b00000, 0x00000000a4b00000, 0x00000000a4c00000|  0%| F|  |TAMS 0x00000000a4b00000| PB 0x00000000a4b00000| Untracked |  0
|  42|0x00000000a4c00000, 0x00000000a4c00000, 0x00000000a4d00000|  0%| F|  |TAMS 0x00000000a4c00000| PB 0x00000000a4c00000| Untracked |  0
|  43|0x00000000a4d00000, 0x00000000a4d00000, 0x00000000a4e00000|  0%| F|  |TAMS 0x00000000a4d00000| PB 0x00000000a4d00000| Untracked |  0
|  44|0x00000000a4e00000, 0x00000000a4e00000, 0x00000000a4f00000|  0%| F|  |TAMS 0x00000000a4e00000| PB 0x00000000a4e00000| Untracked |  0
|  45|0x00000000a4f00000, 0x00000000a4f00000, 0x00000000a5000000|  0%| F|  |TAMS 0x00000000a4f00000| PB 0x00000000a4f00000| Untracked |  0
|  46|0x00000000a5000000, 0x00000000a5000000, 0x00000000a5100000|  0%| F|  |TAMS 0x00000000a5000000| PB 0x00000000a5000000| Untracked |  0
|  47|0x00000000a5100000, 0x00000000a5100000, 0x00000000a5200000|  0%| F|  |TAMS 0x00000000a5100000| PB 0x00000000a5100000| Untracked |  0
|  48|0x00000000a5200000, 0x00000000a5200000, 0x00000000a5300000|  0%| F|  |TAMS 0x00000000a5200000| PB 0x00000000a5200000| Untracked |  0
|  49|0x00000000a5300000, 0x00000000a5300000, 0x00000000a5400000|  0%| F|  |TAMS 0x00000000a5300000| PB 0x00000000a5300000| Untracked |  0
|  50|0x00000000a5400000, 0x00000000a5400000, 0x00000000a5500000|  0%| F|  |TAMS 0x00000000a5400000| PB 0x00000000a5400000| Untracked |  0
|  51|0x00000000a5500000, 0x00000000a5500000, 0x00000000a5600000|  0%| F|  |TAMS 0x00000000a5500000| PB 0x00000000a5500000| Untracked |  0
|  52|0x00000000a5600000, 0x00000000a5600000, 0x00000000a5700000|  0%| F|  |TAMS 0x00000000a5600000| PB 0x00000000a5600000| Untracked |  0
|  53|0x00000000a5700000, 0x00000000a5700000, 0x00000000a5800000|  0%| F|  |TAMS 0x00000000a5700000| PB 0x00000000a5700000| Untracked |  0
|  54|0x00000000a5800000, 0x00000000a5800000, 0x00000000a5900000|  0%| F|  |TAMS 0x00000000a5800000| PB 0x00000000a5800000| Untracked |  0
|  55|0x00000000a5900000, 0x00000000a5a00000, 0x00000000a5a00000|100%| E|  |TAMS 0x00000000a5900000| PB 0x00000000a5900000| Complete |  0
|  56|0x00000000a5a00000, 0x00000000a5b00000, 0x00000000a5b00000|100%| E|CS|TAMS 0x00000000a5a00000| PB 0x00000000a5a00000| Complete |  0
|  57|0x00000000a5b00000, 0x00000000a5c00000, 0x00000000a5c00000|100%| E|CS|TAMS 0x00000000a5b00000| PB 0x00000000a5b00000| Complete |  0
|  58|0x00000000a5c00000, 0x00000000a5d00000, 0x00000000a5d00000|100%| E|CS|TAMS 0x00000000a5c00000| PB 0x00000000a5c00000| Complete |  0
|  59|0x00000000a5d00000, 0x00000000a5e00000, 0x00000000a5e00000|100%| E|CS|TAMS 0x00000000a5d00000| PB 0x00000000a5d00000| Complete |  0
|  60|0x00000000a5e00000, 0x00000000a5f00000, 0x00000000a5f00000|100%| E|CS|TAMS 0x00000000a5e00000| PB 0x00000000a5e00000| Complete |  0
|  61|0x00000000a5f00000, 0x00000000a6000000, 0x00000000a6000000|100%| E|CS|TAMS 0x00000000a5f00000| PB 0x00000000a5f00000| Complete |  0
|  62|0x00000000a6000000, 0x00000000a6100000, 0x00000000a6100000|100%| E|CS|TAMS 0x00000000a6000000| PB 0x00000000a6000000| Complete |  0
|  63|0x00000000a6100000, 0x00000000a6200000, 0x00000000a6200000|100%| E|CS|TAMS 0x00000000a6100000| PB 0x00000000a6100000| Complete |  0
|  64|0x00000000a6200000, 0x00000000a6300000, 0x00000000a6300000|100%| E|CS|TAMS 0x00000000a6200000| PB 0x00000000a6200000| Complete |  0
|  65|0x00000000a6300000, 0x00000000a6400000, 0x00000000a6400000|100%| E|CS|TAMS 0x00000000a6300000| PB 0x00000000a6300000| Complete |  0
|  66|0x00000000a6400000, 0x00000000a6500000, 0x00000000a6500000|100%| E|CS|TAMS 0x00000000a6400000| PB 0x00000000a6400000| Complete |  0
|  67|0x00000000a6500000, 0x00000000a6600000, 0x00000000a6600000|100%| E|CS|TAMS 0x00000000a6500000| PB 0x00000000a6500000| Complete |  0
|  68|0x00000000a6600000, 0x00000000a6700000, 0x00000000a6700000|100%| E|CS|TAMS 0x00000000a6600000| PB 0x00000000a6600000| Complete |  0
|  69|0x00000000a6700000, 0x00000000a6800000, 0x00000000a6800000|100%| E|CS|TAMS 0x00000000a6700000| PB 0x00000000a6700000| Complete |  0
|  70|0x00000000a6800000, 0x00000000a6900000, 0x00000000a6900000|100%| E|CS|TAMS 0x00000000a6800000| PB 0x00000000a6800000| Complete |  0
|  71|0x00000000a6900000, 0x00000000a6a00000, 0x00000000a6a00000|100%| E|CS|TAMS 0x00000000a6900000| PB 0x00000000a6900000| Complete |  0
|  72|0x00000000a6a00000, 0x00000000a6b00000, 0x00000000a6b00000|100%| E|CS|TAMS 0x00000000a6a00000| PB 0x00000000a6a00000| Complete |  0
|  73|0x00000000a6b00000, 0x00000000a6c00000, 0x00000000a6c00000|100%| E|CS|TAMS 0x00000000a6b00000| PB 0x00000000a6b00000| Complete |  0
|  74|0x00000000a6c00000, 0x00000000a6d00000, 0x00000000a6d00000|100%| E|  |TAMS 0x00000000a6c00000| PB 0x00000000a6c00000| Complete |  0
|  75|0x00000000a6d00000, 0x00000000a6e00000, 0x00000000a6e00000|100%| E|CS|TAMS 0x00000000a6d00000| PB 0x00000000a6d00000| Complete |  0
|  76|0x00000000a6e00000, 0x00000000a6f00000, 0x00000000a6f00000|100%| E|CS|TAMS 0x00000000a6e00000| PB 0x00000000a6e00000| Complete |  0
|  77|0x00000000a6f00000, 0x00000000a7000000, 0x00000000a7000000|100%| E|CS|TAMS 0x00000000a6f00000| PB 0x00000000a6f00000| Complete |  0
|  78|0x00000000a7000000, 0x00000000a7100000, 0x00000000a7100000|100%| E|CS|TAMS 0x00000000a7000000| PB 0x00000000a7000000| Complete |  0
|  79|0x00000000a7100000, 0x00000000a7200000, 0x00000000a7200000|100%| E|CS|TAMS 0x00000000a7100000| PB 0x00000000a7100000| Complete |  0
|  80|0x00000000a7200000, 0x00000000a7300000, 0x00000000a7300000|100%| E|CS|TAMS 0x00000000a7200000| PB 0x00000000a7200000| Complete |  0
|  81|0x00000000a7300000, 0x00000000a7400000, 0x00000000a7400000|100%| E|CS|TAMS 0x00000000a7300000| PB 0x00000000a7300000| Complete |  0
|  82|0x00000000a7400000, 0x00000000a7500000, 0x00000000a7500000|100%| E|CS|TAMS 0x00000000a7400000| PB 0x00000000a7400000| Complete |  0
|  83|0x00000000a7500000, 0x00000000a7600000, 0x00000000a7600000|100%| E|CS|TAMS 0x00000000a7500000| PB 0x00000000a7500000| Complete |  0
|  84|0x00000000a7600000, 0x00000000a7700000, 0x00000000a7700000|100%| E|CS|TAMS 0x00000000a7600000| PB 0x00000000a7600000| Complete |  0
|  85|0x00000000a7700000, 0x00000000a7800000, 0x00000000a7800000|100%| E|CS|TAMS 0x00000000a7700000| PB 0x00000000a7700000| Complete |  0
|  86|0x00000000a7800000, 0x00000000a7900000, 0x00000000a7900000|100%| E|CS|TAMS 0x00000000a7800000| PB 0x00000000a7800000| Complete |  0
|  87|0x00000000a7900000, 0x00000000a7a00000, 0x00000000a7a00000|100%| E|CS|TAMS 0x00000000a7900000| PB 0x00000000a7900000| Complete |  0
|  88|0x00000000a7a00000, 0x00000000a7b00000, 0x00000000a7b00000|100%| E|CS|TAMS 0x00000000a7a00000| PB 0x00000000a7a00000| Complete |  0
|  89|0x00000000a7b00000, 0x00000000a7c00000, 0x00000000a7c00000|100%| E|CS|TAMS 0x00000000a7b00000| PB 0x00000000a7b00000| Complete |  0
|  90|0x00000000a7c00000, 0x00000000a7d00000, 0x00000000a7d00000|100%| E|CS|TAMS 0x00000000a7c00000| PB 0x00000000a7c00000| Complete |  0
|  91|0x00000000a7d00000, 0x00000000a7e00000, 0x00000000a7e00000|100%| E|CS|TAMS 0x00000000a7d00000| PB 0x00000000a7d00000| Complete |  0
|  92|0x00000000a7e00000, 0x00000000a7f00000, 0x00000000a7f00000|100%| E|CS|TAMS 0x00000000a7e00000| PB 0x00000000a7e00000| Complete |  0
|  93|0x00000000a7f00000, 0x00000000a8000000, 0x00000000a8000000|100%| E|CS|TAMS 0x00000000a7f00000| PB 0x00000000a7f00000| Complete |  0
|1500|0x00000000ffe00000, 0x00000000fff00000, 0x00000000fff00000|100%| O|  |TAMS 0x00000000ffe00000| PB 0x00000000ffe00000| Untracked |  0
|1501|0x00000000fff00000, 0x00000000fff1d1c0, 0x0000000100000000| 11%| O|  |TAMS 0x00000000fff00000| PB 0x00000000fff00000| Untracked |  0

Card table byte_map: [0x000001d5583a0000,0x000001d558690000] _byte_map_base: 0x000001d557e8f000

Marking Bits: (CMBitMap*) 0x000001d54030b3a0
 Bits: [0x000001d558690000, 0x000001d559e08000)

Polling page: 0x000001d53fa80000

Metaspace:

Usage:
  Non-class:      9.55 MB used.
      Class:      1.09 MB used.
       Both:     10.65 MB used.

Virtual space:
  Non-class space:       64.00 MB reserved,       9.69 MB ( 15%) committed,  1 nodes.
      Class space:        1.00 GB reserved,       1.25 MB ( <1%) committed,  1 nodes.
             Both:        1.06 GB reserved,      10.94 MB (  1%) committed. 

Chunk freelists:
   Non-Class:  6.00 MB
       Class:  14.61 MB
        Both:  20.61 MB

MaxMetaspaceSize: unlimited
CompressedClassSpaceSize: 1.00 GB
Initial GC threshold: 21.00 MB
Current GC threshold: 21.00 MB
CDS: on
 - commit_granule_bytes: 65536.
 - commit_granule_words: 8192.
 - virtual_space_node_default_size: 8388608.
 - enlarge_chunks_in_place: 1.
UseCompressedClassPointers 1, UseCompactObjectHeaders 0
Narrow klass pointer bits 32, Max shift 3
Narrow klass base: 0x000001d55d000000, Narrow klass shift: 0
Encoding Range: [0x000001d55d000000 - 0x000001d65d000000), (4294967296 bytes)
Klass Range:    [0x000001d55d000000 - 0x000001d59e000000), (1090519040 bytes)
Klass ID Range:  [8 - 1090519033) (1090519025)


Internal statistics:

num_allocs_failed_limit: 0.
num_arena_births: 210.
num_arena_deaths: 0.
num_vsnodes_births: 2.
num_vsnodes_deaths: 0.
num_space_committed: 175.
num_space_uncommitted: 0.
num_chunks_returned_to_freelist: 0.
num_chunks_taken_from_freelist: 439.
num_chunk_merges: 0.
num_chunk_splits: 240.
num_chunks_enlarged: 129.
num_inconsistent_stats: 0.

CodeHeap 'non-profiled nmethods': size=120064Kb used=459Kb max_used=459Kb free=119604Kb
 bounds [0x000001d550620000, 0x000001d550890000, 0x000001d557b60000]
CodeHeap 'profiled nmethods': size=120000Kb used=2794Kb max_used=2794Kb free=117205Kb
 bounds [0x000001d548b60000, 0x000001d548e20000, 0x000001d550090000]
CodeHeap 'non-nmethods': size=5696Kb used=1364Kb max_used=1378Kb free=4331Kb
 bounds [0x000001d550090000, 0x000001d550300000, 0x000001d550620000]
CodeCache: size=245760Kb, used=4617Kb, max_used=4631Kb, free=241140Kb
 total_blobs=2265, nmethods=1736, adapters=434, full_count=0
Compilation: enabled, stopped_count=0, restarted_count=0

Compilation events (20 events):
Event: 2.240 Thread 0x000001d55ca4ff40 nmethod 1684 0x000001d548df9c88 code [0x000001d548df9dc0, 0x000001d548dfa298]
Event: 2.240 Thread 0x000001d55ca4ff40 1685       3       jdk.internal.classfile.impl.DirectClassBuilder::withFlags (7 bytes)
Event: 2.240 Thread 0x000001d55ca4ff40 nmethod 1685 0x000001d548dfa308 code [0x000001d548dfa420, 0x000001d548dfa5c8]
Event: 2.240 Thread 0x000001d55ca4ff40 1686       3       java.lang.invoke.MethodHandles$Lookup$ClassDefiner::<init> (61 bytes)
Event: 2.240 Thread 0x000001d55ca4ff40 nmethod 1686 0x000001d548dfa608 code [0x000001d548dfa740, 0x000001d548dfaa80]
Event: 2.240 Thread 0x000001d55ca4ff40 1687       3       java.lang.System$1::defineClass (21 bytes)
Event: 2.240 Thread 0x000001d55ca4d150 1691       4       jdk.internal.classfile.impl.StackMapGenerator::processBlock (2767 bytes)
Event: 2.240 Thread 0x000001d55ca4ff40 nmethod 1687 0x000001d548dfab08 code [0x000001d548dfac20, 0x000001d548dfad90]
Event: 2.240 Thread 0x000001d55ca4ff40 1689       1       java.util.concurrent.locks.AbstractQueuedSynchronizer::getState (5 bytes)
Event: 2.240 Thread 0x000001d55ca4ff40 nmethod 1689 0x000001d550691188 code [0x000001d550691280, 0x000001d550691348]
Event: 2.240 Thread 0x000001d55ca4ff40 1688       1       java.util.concurrent.locks.AbstractOwnableSynchronizer::getExclusiveOwnerThread (5 bytes)
Event: 2.240 Thread 0x000001d55ca4ff40 nmethod 1688 0x000001d550691488 code [0x000001d550691580, 0x000001d550691648]
Event: 2.240 Thread 0x000001d55ca4ff40 1692       3       java.lang.invoke.MethodHandle::setAsTypeCache (39 bytes)
Event: 2.241 Thread 0x000001d55ca4ff40 nmethod 1692 0x000001d548dfae08 code [0x000001d548dfafa0, 0x000001d548dfb688]
Event: 2.241 Thread 0x000001d55ca4ff40 1694       3       java.lang.invoke.MethodHandle::keepsAlive (49 bytes)
Event: 2.242 Thread 0x000001d55ca4ff40 nmethod 1694 0x000001d548dfb708 code [0x000001d548dfb8c0, 0x000001d548dfc2a0]
Event: 2.242 Thread 0x000001d55ca4ff40 1693       3       java.lang.invoke.MethodHandle::asTypeUncached (54 bytes)
Event: 2.243 Thread 0x000001d55ca4ff40 nmethod 1693 0x000001d548dfc308 code [0x000001d548dfc560, 0x000001d548dfd4f8]
Event: 2.249 Thread 0x000001d55ca4ff40 1695       3       jdk.internal.jimage.ImageLocation::getAttribute (44 bytes)
Event: 2.250 Thread 0x000001d55ca4ff40 nmethod 1695 0x000001d548dfd588 code [0x000001d548dfd740, 0x000001d548dfdfd8]

GC Heap History (0 events):
No events

Dll operation events (10 events):
Event: 0.014 Loaded shared library C:\Program Files\Java\jdk-24\bin\java.dll
Event: 0.053 Loaded shared library C:\Program Files\Java\jdk-24\bin\jsvml.dll
Event: 0.138 Loaded shared library C:\Program Files\Java\jdk-24\bin\net.dll
Event: 0.141 Loaded shared library C:\Program Files\Java\jdk-24\bin\nio.dll
Event: 0.145 Loaded shared library C:\Program Files\Java\jdk-24\bin\zip.dll
Event: 0.242 Loaded shared library C:\Program Files\Java\jdk-24\bin\jimage.dll
Event: 0.382 Loaded shared library C:\Program Files\Java\jdk-24\bin\extnet.dll
Event: 0.491 Loaded shared library C:\Program Files\Java\jdk-24\bin\management.dll
Event: 0.496 Loaded shared library C:\Program Files\Java\jdk-24\bin\management_ext.dll
Event: 1.691 Loaded shared library C:\Program Files\Java\jdk-24\bin\sunmscapi.dll

Deoptimization events (20 events):
Event: 1.880 Thread 0x000001d5a2763d10 Uncommon trap: trap_request=0xffffff4d fr.pc=0x000001d55067e254 relative=0x0000000000000194
Event: 1.880 Thread 0x000001d5a2763d10 Uncommon trap: reason=unstable_if action=reinterpret pc=0x000001d55067e254 method=java.lang.invoke.VarHandle.checkAccessModeThenIsDirect(Ljava/lang/invoke/VarHandle$AccessDescriptor;)Z @ 4 c2
Event: 1.880 Thread 0x000001d5a2763d10 DEOPT PACKING pc=0x000001d55067e254 sp=0x0000005ea2dfe770
Event: 1.880 Thread 0x000001d5a2763d10 DEOPT UNPACKING pc=0x000001d5501a5202 sp=0x0000005ea2dfe6a8 mode 2
Event: 2.223 Thread 0x000001d5a2b65000 Uncommon trap: trap_request=0xffffffde fr.pc=0x000001d55068f59c relative=0x00000000000000fc
Event: 2.223 Thread 0x000001d5a2b65000 Uncommon trap: reason=class_check action=maybe_recompile pc=0x000001d55068f59c method=jdk.internal.misc.Unsafe.allocateUninitializedArray(Ljava/lang/Class;I)Ljava/lang/Object; @ 51 c2
Event: 2.223 Thread 0x000001d5a2b65000 DEOPT PACKING pc=0x000001d55068f59c sp=0x0000005ea30fd590
Event: 2.223 Thread 0x000001d5a2b65000 DEOPT UNPACKING pc=0x000001d5501a5202 sp=0x0000005ea30fd508 mode 2
Event: 2.224 Thread 0x000001d5a2b65000 Uncommon trap: trap_request=0xffffffde fr.pc=0x000001d55068f59c relative=0x00000000000000fc
Event: 2.224 Thread 0x000001d5a2b65000 Uncommon trap: reason=class_check action=maybe_recompile pc=0x000001d55068f59c method=jdk.internal.misc.Unsafe.allocateUninitializedArray(Ljava/lang/Class;I)Ljava/lang/Object; @ 51 c2
Event: 2.224 Thread 0x000001d5a2b65000 DEOPT PACKING pc=0x000001d55068f59c sp=0x0000005ea30fcf80
Event: 2.224 Thread 0x000001d5a2b65000 DEOPT UNPACKING pc=0x000001d5501a5202 sp=0x0000005ea30fcef8 mode 2
Event: 2.224 Thread 0x000001d5a2b65000 Uncommon trap: trap_request=0xffffffde fr.pc=0x000001d55068f59c relative=0x00000000000000fc
Event: 2.224 Thread 0x000001d5a2b65000 Uncommon trap: reason=class_check action=maybe_recompile pc=0x000001d55068f59c method=jdk.internal.misc.Unsafe.allocateUninitializedArray(Ljava/lang/Class;I)Ljava/lang/Object; @ 51 c2
Event: 2.224 Thread 0x000001d5a2b65000 DEOPT PACKING pc=0x000001d55068f59c sp=0x0000005ea30fce90
Event: 2.224 Thread 0x000001d5a2b65000 DEOPT UNPACKING pc=0x000001d5501a5202 sp=0x0000005ea30fce08 mode 2
Event: 2.224 Thread 0x000001d5a2b65000 Uncommon trap: trap_request=0xffffffde fr.pc=0x000001d55068f59c relative=0x00000000000000fc
Event: 2.224 Thread 0x000001d5a2b65000 Uncommon trap: reason=class_check action=maybe_recompile pc=0x000001d55068f59c method=jdk.internal.misc.Unsafe.allocateUninitializedArray(Ljava/lang/Class;I)Ljava/lang/Object; @ 51 c2
Event: 2.224 Thread 0x000001d5a2b65000 DEOPT PACKING pc=0x000001d55068f59c sp=0x0000005ea30fd0d0
Event: 2.224 Thread 0x000001d5a2b65000 DEOPT UNPACKING pc=0x000001d5501a5202 sp=0x0000005ea30fd048 mode 2

Classes loaded (20 events):
Event: 2.229 Loading class java/nio/channels/SelectionKey
Event: 2.229 Loading class java/nio/channels/SelectionKey done
Event: 2.229 Loading class java/nio/channels/spi/AbstractSelectionKey done
Event: 2.229 Loading class sun/nio/ch/SelectionKeyImpl done
Event: 2.230 Loading class java/lang/invoke/ConstantBootstraps
Event: 2.230 Loading class java/lang/invoke/ConstantBootstraps done
Event: 2.234 Loading class java/util/concurrent/CompletableFuture$UniRelay
Event: 2.235 Loading class java/util/concurrent/CompletableFuture$UniRelay done
Event: 2.244 Loading class sun/nio/ch/IOVecWrapper
Event: 2.244 Loading class sun/nio/ch/IOVecWrapper done
Event: 2.244 Loading class sun/nio/ch/IOVecWrapper$1
Event: 2.244 Loading class sun/nio/ch/IOVecWrapper$1 done
Event: 2.244 Loading class sun/nio/ch/AllocatedNativeObject
Event: 2.245 Loading class sun/nio/ch/NativeObject
Event: 2.245 Loading class sun/nio/ch/NativeObject done
Event: 2.245 Loading class sun/nio/ch/AllocatedNativeObject done
Event: 2.250 Loading class java/util/NoSuchElementException
Event: 2.251 Loading class java/util/NoSuchElementException done
Event: 2.258 Loading class java/util/concurrent/CompletableFuture$UniApply
Event: 2.258 Loading class java/util/concurrent/CompletableFuture$UniApply done

Classes unloaded (0 events):
No events

Classes redefined (0 events):
No events

Internal exceptions (20 events):
Event: 1.469 Thread 0x000001d53df72890 Exception <a 'java/lang/NoSuchMethodError'{0x00000000a6c7fc58}: 'void java.lang.invoke.DirectMethodHandle$Holder.invokeVirtual(java.lang.Object, java.lang.Object)'> (0x00000000a6c7fc58) 
thrown [s\open\src\hotspot\share\interpreter\linkResolver.cpp, line 805]
Event: 1.579 Thread 0x000001d53df72890 Exception <a 'java/lang/NoSuchMethodError'{0x00000000a67d94b8}: 'java.lang.Object java.lang.invoke.DirectMethodHandle$Holder.invokeStaticInit(java.lang.Object, int, int, int, int)'> (0x00000000a67d94b8) 
thrown [s\open\src\hotspot\share\interpreter\linkResolver.cpp, line 805]
Event: 1.620 Thread 0x000001d53df72890 Exception <a 'java/lang/NoSuchMethodError'{0x00000000a66b2680}: 'java.lang.Object java.lang.invoke.DirectMethodHandle$Holder.invokeStaticInit(java.lang.Object, java.lang.Object, int, int, int, int)'> (0x00000000a66b2680) 
thrown [s\open\src\hotspot\share\interpreter\linkResolver.cpp, line 805]
Event: 1.826 Thread 0x000001d53df72890 Exception <a 'java/lang/NoSuchMethodError'{0x00000000a648b778}: 'java.lang.Object java.lang.invoke.DirectMethodHandle$Holder.invokeInterface(java.lang.Object, java.lang.Object, java.lang.Object)'> (0x00000000a648b778) 
thrown [s\open\src\hotspot\share\interpreter\linkResolver.cpp, line 805]
Event: 1.827 Thread 0x000001d53df72890 Exception <a 'java/lang/IncompatibleClassChangeError'{0x00000000a64937d0}: Found class java.lang.Object, but interface was expected> (0x00000000a64937d0) 
thrown [s\open\src\hotspot\share\interpreter\linkResolver.cpp, line 872]
Event: 1.831 Thread 0x000001d53df72890 Exception <a 'java/lang/NoSuchMethodError'{0x00000000a64aa110}: 'int java.lang.invoke.DirectMethodHandle$Holder.invokeSpecialIFC(java.lang.Object, java.lang.Object, java.lang.Object, java.lang.Object)'> (0x00000000a64aa110) 
thrown [s\open\src\hotspot\share\interpreter\linkResolver.cpp, line 805]
Event: 1.837 Thread 0x000001d53df72890 Exception <a 'java/lang/NoSuchMethodError'{0x00000000a64d24b8}: 'java.lang.Object java.lang.invoke.DirectMethodHandle$Holder.invokeVirtual(java.lang.Object, java.lang.Object, java.lang.Object, java.lang.Object)'> (0x00000000a64d24b8) 
thrown [s\open\src\hotspot\share\interpreter\linkResolver.cpp, line 805]
Event: 1.881 Thread 0x000001d5a2763d10 Exception <a 'java/net/ConnectException'{0x00000000a620d648}: Connection refused: getsockopt> (0x00000000a620d648) 
thrown [s\open\src\hotspot\share\prims\jni.cpp, line 536]
Event: 1.894 Thread 0x000001d5a2763d10 Exception <a 'java/net/ConnectException'{0x00000000a620e7e0}: Connection refused: getsockopt> (0x00000000a620e7e0) 
thrown [s\open\src\hotspot\share\prims\jni.cpp, line 536]
Event: 1.916 Thread 0x000001d5a2763d10 Exception <a 'java/net/ConnectException'{0x00000000a620f680}: Connection refused: getsockopt> (0x00000000a620f680) 
thrown [s\open\src\hotspot\share\prims\jni.cpp, line 536]
Event: 1.967 Thread 0x000001d5a2763d10 Exception <a 'java/net/ConnectException'{0x00000000a6210520}: Connection refused: getsockopt> (0x00000000a6210520) 
thrown [s\open\src\hotspot\share\prims\jni.cpp, line 536]
Event: 2.101 Thread 0x000001d53df72890 Exception <a 'java/lang/NoSuchMethodError'{0x00000000a60c14d0}: 'java.lang.Object java.lang.invoke.DirectMethodHandle$Holder.newInvokeSpecial(java.lang.Object, java.lang.Object, int, int)'> (0x00000000a60c14d0) 
thrown [s\open\src\hotspot\share\interpreter\linkResolver.cpp, line 805]
Event: 2.106 Thread 0x000001d53df72890 Exception <a 'java/lang/NoSuchMethodError'{0x00000000a60d2318}: 'void java.lang.invoke.DirectMethodHandle$Holder.invokeStatic(java.lang.Object, java.lang.Object, int)'> (0x00000000a60d2318) 
thrown [s\open\src\hotspot\share\interpreter\linkResolver.cpp, line 805]
Event: 2.121 Thread 0x000001d53df72890 Exception <a 'java/lang/NoSuchMethodError'{0x00000000a5f4f3d8}: 'java.lang.Object java.lang.invoke.DirectMethodHandle$Holder.newInvokeSpecial(java.lang.Object, java.lang.Object, java.lang.Object, java.lang.Object, java.lang.Object)'> (0x00000000a5f4f3d8) 
thrown [s\open\src\hotspot\share\interpreter\linkResolver.cpp, line 805]
Event: 2.183 Thread 0x000001d5a2b65000 Exception <a 'java/lang/NoSuchMethodError'{0x00000000a5d603f8}: 'java.lang.Object java.lang.invoke.DirectMethodHandle$Holder.invokeSpecial(java.lang.Object, java.lang.Object, java.lang.Object, java.lang.Object, java.lang.Object, int)'> (0x00000000a5d603f8) 
thrown [s\open\src\hotspot\share\interpreter\linkResolver.cpp, line 805]
Event: 2.184 Thread 0x000001d5a2b65000 Exception <a 'java/lang/NoSuchMethodError'{0x00000000a5d70858}: 'java.lang.Object java.lang.invoke.Invokers$Holder.linkToTargetMethod(java.lang.Object, java.lang.Object, int, java.lang.Object)'> (0x00000000a5d70858) 
thrown [s\open\src\hotspot\share\interpreter\linkResolver.cpp, line 805]
Event: 2.215 Thread 0x000001d5a2b65000 Exception <a 'java/lang/NoSuchMethodError'{0x00000000a5c125e0}: 'void java.lang.invoke.DirectMethodHandle$Holder.invokeSpecial(java.lang.Object, java.lang.Object, java.lang.Object, java.lang.Object, java.lang.Object)'> (0x00000000a5c125e0) 
thrown [s\open\src\hotspot\share\interpreter\linkResolver.cpp, line 805]
Event: 2.225 Thread 0x000001d5a2b65000 Exception <a 'java/lang/NoSuchMethodError'{0x00000000a5c5c9e8}: 'long java.lang.invoke.DirectMethodHandle$Holder.invokeStatic(java.lang.Object, long, long)'> (0x00000000a5c5c9e8) 
thrown [s\open\src\hotspot\share\interpreter\linkResolver.cpp, line 805]
Event: 2.231 Thread 0x000001d5a272b1c0 Exception <a 'java/lang/NoSuchMethodError'{0x00000000a658a668}: 'int java.lang.invoke.DirectMethodHandle$Holder.invokeStatic(java.lang.Object, int, java.lang.Object)'> (0x00000000a658a668) 
thrown [s\open\src\hotspot\share\interpreter\linkResolver.cpp, line 805]
Event: 2.234 Thread 0x000001d5a272b1c0 Exception <a 'java/lang/NoSuchMethodError'{0x00000000a65a8870}: 'java.lang.Object java.lang.invoke.DirectMethodHandle$Holder.newInvokeSpecial(java.lang.Object, java.lang.Object, int)'> (0x00000000a65a8870) 
thrown [s\open\src\hotspot\share\interpreter\linkResolver.cpp, line 805]

VM Operations (12 events):
Event: 0.522 Executing VM operation: HandshakeAllThreads (Deoptimize)
Event: 0.522 Executing VM operation: HandshakeAllThreads (Deoptimize) done
Event: 0.530 Executing VM operation: HandshakeAllThreads (Deoptimize)
Event: 0.530 Executing VM operation: HandshakeAllThreads (Deoptimize) done
Event: 1.124 Executing VM operation: HandshakeAllThreads (Deoptimize)
Event: 1.124 Executing VM operation: HandshakeAllThreads (Deoptimize) done
Event: 1.251 Executing VM operation: HandshakeAllThreads (Deoptimize)
Event: 1.251 Executing VM operation: HandshakeAllThreads (Deoptimize) done
Event: 1.303 Executing VM operation: HandshakeAllThreads (Deoptimize)
Event: 1.303 Executing VM operation: HandshakeAllThreads (Deoptimize) done
Event: 2.059 Executing VM operation: HandshakeAllThreads (Deoptimize)
Event: 2.059 Executing VM operation: HandshakeAllThreads (Deoptimize) done

Memory protections (0 events):
No events

Nmethod flushes (0 events):
No events

Events (20 events):
Event: 0.051 Thread 0x000001d53df72890 Thread added: 0x000001d55ca3a400
Event: 0.051 Thread 0x000001d53df72890 Thread added: 0x000001d55ca3af30
Event: 0.051 Thread 0x000001d53df72890 Thread added: 0x000001d55ca4d150
Event: 0.051 Thread 0x000001d53df72890 Thread added: 0x000001d55ca4ff40
Event: 0.123 Thread 0x000001d53df72890 Thread added: 0x000001d55cae5060
Event: 0.128 Thread 0x000001d53df72890 Thread added: 0x000001d55caec280
Event: 0.614 Thread 0x000001d53df72890 Thread added: 0x000001d5a263b500
Event: 0.927 Thread 0x000001d5a263b500 Thread exited: 0x000001d5a263b500
Event: 1.091 Thread 0x000001d53df72890 Thread added: 0x000001d5a2681cc0
Event: 1.783 Thread 0x000001d53df72890 Thread added: 0x000001d5a272b1c0
Event: 1.855 Thread 0x000001d53df72890 Thread added: 0x000001d5a2752710
Event: 1.857 Thread 0x000001d53df72890 Thread added: 0x000001d5a275ee80
Event: 1.858 Thread 0x000001d53df72890 Thread added: 0x000001d5a275f5c0
Event: 1.869 Thread 0x000001d5a275ee80 Thread added: 0x000001d5a2763d10
Event: 2.058 Thread 0x000001d5a2763d10 Thread added: 0x000001d5a2766860
Event: 2.138 Thread 0x000001d53df72890 Thread added: 0x000001d5a2b65000
Event: 2.145 Thread 0x000001d53df72890 Thread added: 0x000001d5a2b65ea0
Event: 2.237 Thread 0x000001d5a272b1c0 Thread added: 0x000001d5a2b648b0
Event: 2.239 Thread 0x000001d5a272b1c0 Thread added: 0x000001d5a2b66d40
Event: 2.241 Thread 0x000001d5a272b1c0 Thread added: 0x000001d5a2b65750


Dynamic libraries:
0x00007ff7e7570000 - 0x00007ff7e7580000 	C:\Program Files\Java\jdk-24\bin\javaw.exe
0x00007ff8f16f0000 - 0x00007ff8f1907000 	C:\WINDOWS\SYSTEM32\ntdll.dll
0x00007ff8efc70000 - 0x00007ff8efd34000 	C:\WINDOWS\System32\KERNEL32.DLL
0x00007ff8eeeb0000 - 0x00007ff8ef282000 	C:\WINDOWS\System32\KERNELBASE.dll
0x00007ff8eec50000 - 0x00007ff8eed61000 	C:\WINDOWS\System32\ucrtbase.dll
0x00007ff8ced10000 - 0x00007ff8ced26000 	C:\Program Files\Java\jdk-24\bin\jli.dll
0x00007ff8ced30000 - 0x00007ff8ced4b000 	C:\Program Files\Java\jdk-24\bin\VCRUNTIME140.dll
0x00007ff8ef420000 - 0x00007ff8ef5d1000 	C:\WINDOWS\System32\USER32.dll
0x00007ff8eec20000 - 0x00007ff8eec46000 	C:\WINDOWS\System32\win32u.dll
0x00007ff8de130000 - 0x00007ff8de3cb000 	C:\WINDOWS\WinSxS\amd64_microsoft.windows.common-controls_6595b64144ccf1df_6.0.22621.5415_none_270d77d17387d7da\COMCTL32.dll
0x00007ff8f02f0000 - 0x00007ff8f0397000 	C:\WINDOWS\System32\msvcrt.dll
0x00007ff8ef380000 - 0x00007ff8ef3a9000 	C:\WINDOWS\System32\GDI32.dll
0x00007ff8ee860000 - 0x00007ff8ee983000 	C:\WINDOWS\System32\gdi32full.dll
0x00007ff8eeb00000 - 0x00007ff8eeb9a000 	C:\WINDOWS\System32\msvcp_win.dll
0x00007ff8f15c0000 - 0x00007ff8f15f1000 	C:\WINDOWS\System32\IMM32.DLL
0x00007ff8ea920000 - 0x00007ff8ea92c000 	C:\Program Files\Java\jdk-24\bin\vcruntime140_1.dll
0x00007ff890260000 - 0x00007ff8902ee000 	C:\Program Files\Java\jdk-24\bin\msvcp140.dll
0x00007ff855580000 - 0x00007ff856322000 	C:\Program Files\Java\jdk-24\bin\server\jvm.dll
0x00007ff8efb30000 - 0x00007ff8efbe1000 	C:\WINDOWS\System32\ADVAPI32.dll
0x00007ff8ef9f0000 - 0x00007ff8efa98000 	C:\WINDOWS\System32\sechost.dll
0x00007ff8ef350000 - 0x00007ff8ef378000 	C:\WINDOWS\System32\bcrypt.dll
0x00007ff8ef760000 - 0x00007ff8ef874000 	C:\WINDOWS\System32\RPCRT4.dll
0x00007ff8f0400000 - 0x00007ff8f0471000 	C:\WINDOWS\System32\WS2_32.dll
0x00007ff8ee6b0000 - 0x00007ff8ee6fd000 	C:\WINDOWS\SYSTEM32\POWRPROF.dll
0x00007ff8e9ee0000 - 0x00007ff8e9f14000 	C:\WINDOWS\SYSTEM32\WINMM.dll
0x00007ff8e7270000 - 0x00007ff8e727a000 	C:\WINDOWS\SYSTEM32\VERSION.dll
0x00007ff8ee690000 - 0x00007ff8ee6a3000 	C:\WINDOWS\SYSTEM32\UMPDC.dll
0x00007ff8ed7e0000 - 0x00007ff8ed7f8000 	C:\WINDOWS\SYSTEM32\kernel.appcore.dll
0x00007ff8e4ea0000 - 0x00007ff8e4eaa000 	C:\Program Files\Java\jdk-24\bin\jimage.dll
0x00007ff8ec2c0000 - 0x00007ff8ec4f3000 	C:\WINDOWS\SYSTEM32\DBGHELP.DLL
0x00007ff8f1220000 - 0x00007ff8f15b3000 	C:\WINDOWS\System32\combase.dll
0x00007ff8f0210000 - 0x00007ff8f02e7000 	C:\WINDOWS\System32\OLEAUT32.dll
0x00007ff8e5980000 - 0x00007ff8e59b2000 	C:\WINDOWS\SYSTEM32\dbgcore.DLL
0x00007ff8ee7e0000 - 0x00007ff8ee85b000 	C:\WINDOWS\System32\bcryptPrimitives.dll
0x00007ff8e3a60000 - 0x00007ff8e3a7e000 	C:\Program Files\Java\jdk-24\bin\java.dll
0x00007ff8eff20000 - 0x00007ff8f00c0000 	C:\WINDOWS\System32\ole32.dll
0x00007ff8f0480000 - 0x00007ff8f0d22000 	C:\WINDOWS\System32\SHELL32.dll
0x00007ff8eed70000 - 0x00007ff8eeeaf000 	C:\WINDOWS\System32\wintypes.dll
0x00007ff8ec550000 - 0x00007ff8ece6e000 	C:\WINDOWS\SYSTEM32\windows.storage.dll
0x00007ff8f00e0000 - 0x00007ff8f01eb000 	C:\WINDOWS\System32\SHCORE.dll
0x00007ff8ef3b0000 - 0x00007ff8ef419000 	C:\WINDOWS\System32\shlwapi.dll
0x00007ff8ee710000 - 0x00007ff8ee73b000 	C:\WINDOWS\SYSTEM32\profapi.dll
0x00007ff8ced50000 - 0x00007ff8cee27000 	C:\Program Files\Java\jdk-24\bin\jsvml.dll
0x00007ff8e4de0000 - 0x00007ff8e4df0000 	C:\Program Files\Java\jdk-24\bin\net.dll
0x00007ff8edc90000 - 0x00007ff8edcf9000 	C:\WINDOWS\system32\mswsock.dll
0x00007ff8e3a40000 - 0x00007ff8e3a56000 	C:\Program Files\Java\jdk-24\bin\nio.dll
0x00007ff8cfb20000 - 0x00007ff8cfb37000 	C:\Program Files\Java\jdk-24\bin\zip.dll
0x00007ff8d3c30000 - 0x00007ff8d3c39000 	C:\Program Files\Java\jdk-24\bin\extnet.dll
0x00007ff8ed270000 - 0x00007ff8ed368000 	C:\WINDOWS\SYSTEM32\DNSAPI.dll
0x00007ff8ed240000 - 0x00007ff8ed26d000 	C:\WINDOWS\SYSTEM32\IPHLPAPI.DLL
0x00007ff8eff10000 - 0x00007ff8eff19000 	C:\WINDOWS\System32\NSI.dll
0x00007ff8e0850000 - 0x00007ff8e085a000 	C:\Windows\System32\rasadhlp.dll
0x00007ff8e8150000 - 0x00007ff8e81d4000 	C:\WINDOWS\System32\fwpuclnt.dll
0x00007ff8e7e50000 - 0x00007ff8e7e5a000 	C:\Program Files\Java\jdk-24\bin\management.dll
0x00007ff8d6950000 - 0x00007ff8d695b000 	C:\Program Files\Java\jdk-24\bin\management_ext.dll
0x00007ff8f1210000 - 0x00007ff8f1218000 	C:\WINDOWS\System32\PSAPI.DLL
0x00007ff8edee0000 - 0x00007ff8edefb000 	C:\WINDOWS\SYSTEM32\CRYPTSP.dll
0x00007ff8ed740000 - 0x00007ff8ed777000 	C:\WINDOWS\system32\rsaenh.dll
0x00007ff8edd80000 - 0x00007ff8edda8000 	C:\WINDOWS\SYSTEM32\USERENV.dll
0x00007ff8edf00000 - 0x00007ff8edf0c000 	C:\WINDOWS\SYSTEM32\CRYPTBASE.dll
0x00007ff8dc210000 - 0x00007ff8dc21e000 	C:\Program Files\Java\jdk-24\bin\sunmscapi.dll
0x00007ff8ee990000 - 0x00007ff8eeaf7000 	C:\WINDOWS\System32\CRYPT32.dll
0x00007ff8ee0a0000 - 0x00007ff8ee0cd000 	C:\WINDOWS\SYSTEM32\ncrypt.dll
0x00007ff8ee060000 - 0x00007ff8ee097000 	C:\WINDOWS\SYSTEM32\NTASN1.dll
0x00007ff86c590000 - 0x00007ff86c598000 	C:\WINDOWS\system32\wshunix.dll
0x00007ff8cc3d0000 - 0x00007ff8cc3e7000 	C:\WINDOWS\system32\napinsp.dll
0x00007ff8cc3b0000 - 0x00007ff8cc3cb000 	C:\WINDOWS\system32\pnrpnsp.dll
0x00007ff8cc390000 - 0x00007ff8cc3a1000 	C:\WINDOWS\System32\winrnr.dll
0x00007ff8cb9e0000 - 0x00007ff8cb9ff000 	C:\WINDOWS\system32\wshbth.dll
0x00007ff8cb9b0000 - 0x00007ff8cb9d1000 	C:\WINDOWS\system32\nlansp_c.dll

JVMTI agents: none

dbghelp: loaded successfully - version: 4.0.5 - missing functions: none
symbol engine: initialized successfully - sym options: 0x614 - pdb path: .;C:\Program Files\Java\jdk-24\bin;C:\WINDOWS\SYSTEM32;C:\WINDOWS\WinSxS\amd64_microsoft.windows.common-controls_6595b64144ccf1df_6.0.22621.5415_none_270d77d17387d7da;C:\Program Files\Java\jdk-24\bin\server

VM Arguments:
jvm_args: -Dfile.encoding=UTF-8 -Dstdout.encoding=UTF-8 -Dstderr.encoding=UTF-8 -XX:+ShowCodeDetailsInExceptionMessages 
java_command: datadriven.icicicalculator
java_class_path (initial): D:\QAAutomation\seleniumwebdriver\target\test-classes;D:\QAAutomation\seleniumwebdriver\target\classes;C:\Users\Rishi\.m2\repository\org\seleniumhq\selenium\selenium-java\4.33.0\selenium-java-4.33.0.jar;C:\Users\Rishi\.m2\repository\org\seleniumhq\selenium\selenium-api\4.33.0\selenium-api-4.33.0.jar;C:\Users\Rishi\.m2\repository\org\jspecify\jspecify\1.0.0\jspecify-1.0.0.jar;C:\Users\Rishi\.m2\repository\org\seleniumhq\selenium\selenium-chrome-driver\4.33.0\selenium-chrome-driver-4.33.0.jar;C:\Users\Rishi\.m2\repository\com\google\auto\service\auto-service-annotations\1.1.1\auto-service-annotations-1.1.1.jar;C:\Users\Rishi\.m2\repository\org\seleniumhq\selenium\selenium-chromium-driver\4.33.0\selenium-chromium-driver-4.33.0.jar;C:\Users\Rishi\.m2\repository\org\seleniumhq\selenium\selenium-json\4.33.0\selenium-json-4.33.0.jar;C:\Users\Rishi\.m2\repository\org\seleniumhq\selenium\selenium-manager\4.33.0\selenium-manager-4.33.0.jar;C:\Users\Rishi\.m2\repository\org\seleniumhq\selenium\selenium-devtools-v135\4.33.0\selenium-devtools-v135-4.33.0.jar;C:\Users\Rishi\.m2\repository\org\seleniumhq\selenium\selenium-devtools-v136\4.33.0\selenium-devtools-v136-4.33.0.jar;C:\Users\Rishi\.m2\repository\org\seleniumhq\selenium\selenium-devtools-v137\4.33.0\selenium-devtools-v137-4.33.0.jar;C:\Users\Rishi\.m2\repository\org\seleniumhq\selenium\selenium-edge-driver\4.33.0\selenium-edge-driver-4.33.0.jar;C:\Users\Rishi\.m2\repository\org\seleniumhq\selenium\selenium-firefox-driver\4.33.0\selenium-firefox-driver-4.33.0.jar;C:\Users\Rishi\.m2\repository\org\seleniumhq\selenium\selenium-http\4.33.0\selenium-http-4.33.0.jar;C:\Users\Rishi\.m2\repository\org\seleniumhq\selenium\selenium-ie-driver\4.33.0\selenium-ie-driver-4.33.0.jar;C:\Users\Rishi\.m2\repository\org\seleniumhq\selenium\selenium-remote-driver\4.33.0\selenium-remote-driver-4.33.0.jar;C:\Users\Rishi\.m2\repository\com\google\guava\guava\33.4.8-jre\guava-33.4.8-jre.jar;C:\Users\Rishi\.m2\repository\com\google\guava\failureaccess\1.0.3\failureaccess-1.0.3.jar;C:\Users\Rishi\.m2\repository\com\google\guava\listenablefuture\9999.0-empty-to-avoid-conflict-with-guava\listenablefuture-9999.0-empty-to-avoid-conflict-with-guava.jar;C:\Users\Rishi\.m2\repository\com\google\errorprone\error_prone_annotations\2.36.0\error_prone_annotations-2.36.0.jar;C:\Users\Rishi\.m2\repository\com\google\j2objc\j2objc-annotations\3.0.0\j2objc-annotations-3.0.0.jar;C:\Users\Rishi\.m2\repository\io\opentelemetry\opentelemetry-api\1.50.0\opentelemetry-api-1.50.0.jar;C:\Users\Rishi\.m2\repository\io\opentelemetry\opentelemetry-context\1.50.0\opentelemetry-context-1.50.0.jar;C:\Users\Rishi\.m2\repository\io\opentelemetry\opentelemetry-exporter-logging\1.50.0\opentelemetry-exporter-logging-1.50.0.jar;C:\Users\Rishi\.m2\repository\io\opentelemetry\opentelemetry-sdk-common\1.50.0\opentelemetry-sdk-common-1.50.0.jar;C:\Users\Rishi\.m2\repository\io\opentelemetry\opentelemetry-sdk-extension-autoconfigure-spi\1.50.0\opentelemetry-sdk-extension-autoconfigure-spi-1.50.0.jar;C:\Users\Rishi\.m2\repository\io\opentelemetry\opentelemetry-sdk-extension-autoconfigure\1.50.0\opentelemetry-sdk-extension-autoconfigure-1.50.0.jar;C:\Users\Rishi\.m2\repository\io\opentelemetry\opentelemetry-sdk-trace\1.50.0\opentelemetry-sdk-trace-1.50.0.jar;C:\Users\Rishi\.m2\repository\io\opentelemetry\opentelemetry-sdk\1.50.0\opentelemetry-sdk-1.50.0.jar;C:\Users\Rishi\.m2\repository\io\opentelemetry\opentelemetry-sdk-metrics\1.50.0\opentelemetry-sdk-metrics-1.50.0.jar;C:\Users\Rishi\.m2\repository\io\opentelemetry\opentelemetry-sdk-logs\1.50.0\opentelemetry-sdk-logs-1.50.0.jar;C:\Users\Rishi\.m2\repository\net\bytebuddy\byte-buddy\1.17.5\byte-buddy-1.17.5.jar;C:\Users\Rishi\.m2\repository\org\seleniumhq\selenium\selenium-os\4.33.0\selenium-os-4.33.0.jar;C:\Users\Rishi\.m2\repository\org\apache\commons\commons-exec\1.4.0\commons-exec-1.4.0.jar;C:\Users\Rishi\.m2\repository\org\seleniumhq\selenium\selenium-safari-driver\4.33.0\selenium-safari-driver-4.33.0.jar;C:\Users\Rishi\.m2\repository\org\seleniumhq\selenium\selenium-support\4.33.0\selenium-support-4.33.0.jar;C:\Users\Rishi\.m2\repository\org\apache\poi\poi\5.4.1\poi-5.4.1.jar;C:\Users\Rishi\.m2\repository\commons-codec\commons-codec\1.18.0\commons-codec-1.18.0.jar;C:\Users\Rishi\.m2\repository\org\apache\commons\commons-collections4\4.4\commons-collections4-4.4.jar;C:\Users\Rishi\.m2\repository\org\apache\commons\commons-math3\3.6.1\commons-math3-3.6.1.jar;C:\Users\Rishi\.m2\repository\commons-io\commons-io\2.18.0\commons-io-2.18.0.jar;C:\Users\Rishi\.m2\repository\com\zaxxer\SparseBitSet\1.3\SparseBitSet-1.3.jar;C:\Users\Rishi\.m2\repository\org\apache\logging\log4j\log4j-api\2.24.3\log4j-api-2.24.3.jar;C:\Users\Rishi\.m2\repository\org\apache\poi\poi-ooxml\5.4.1\poi-ooxml-5.4.1.jar;C:\Users\Rishi\.m2\repository\org\apache\poi\poi-ooxml-lite\5.4.1\poi-ooxml-lite-5.4.1.jar;C:\Users\Rishi\.m2\repository\org\apache\xmlbeans\xmlbeans\5.3.0\xmlbeans-5.3.0.jar;C:\Users\Rishi\.m2\repository\org\apache\commons\commons-compress\1.27.1\commons-compress-1.27.1.jar;C:\Users\Rishi\.m2\repository\org\apache\commons\commons-lang3\3.16.0\commons-lang3-3.16.0.jar;C:\Users\Rishi\.m2\repository\com\github\virtuald\curvesapi\1.08\curvesapi-1.08.jar
Launcher Type: SUN_STANDARD

[Global flags]
     intx CICompilerCount                          = 4                                         {product} {ergonomic}
     uint ConcGCThreads                            = 3                                         {product} {ergonomic}
     uint G1ConcRefinementThreads                  = 10                                        {product} {ergonomic}
   size_t G1HeapRegionSize                         = 1048576                                   {product} {ergonomic}
   size_t InitialHeapSize                          = 98566144                                  {product} {ergonomic}
   size_t MarkStackSize                            = 4194304                                   {product} {ergonomic}
   size_t MarkStackSizeMax                         = 536870912                                 {product} {ergonomic}
   size_t MaxHeapSize                              = 1574961152                                {product} {ergonomic}
   size_t MaxNewSize                               = 944766976                                 {product} {ergonomic}
   size_t MinHeapDeltaBytes                        = 1048576                                   {product} {ergonomic}
   size_t MinHeapSize                              = 8388608                                   {product} {ergonomic}
    uintx NonNMethodCodeHeapSize                   = 5832704                                {pd product} {ergonomic}
    uintx NonProfiledCodeHeapSize                  = 122945536                              {pd product} {ergonomic}
    uintx ProfiledCodeHeapSize                     = 122880000                              {pd product} {ergonomic}
    uintx ReservedCodeCacheSize                    = 251658240                              {pd product} {ergonomic}
     bool SegmentedCodeCache                       = true                                      {product} {ergonomic}
     bool ShowCodeDetailsInExceptionMessages       = true                                   {manageable} {command line}
   size_t SoftMaxHeapSize                          = 1574961152                             {manageable} {ergonomic}
     bool UseCompressedOops                        = true                           {product lp64_product} {ergonomic}
     bool UseG1GC                                  = true                                      {product} {ergonomic}
     bool UseLargePagesIndividualAllocation        = false                                  {pd product} {ergonomic}

Logging:
Log output configuration:
 #0: stdout all=warning uptime,level,tags foldmultilines=false
 #1: stderr all=off uptime,level,tags foldmultilines=false

Environment Variables:
JAVA_HOME=C:\Program Files\Java\jdk-20\bin
CLASSPATH=C:\Users\Rishi\Downloads\WINDOWS.X64_193000_db_home\jdbc\lib\ojdbc8_g.jar;C:\Program Files\Apache Software Foundation\Tomcat 10.1\lib\servlet-api.jar;
PATH=C:/Program Files/Java/jdk-24/bin/server;C:/Program Files/Java/jdk-24/bin;C:\Program Files\Java\jdk-17\bin;C:\Users\Rishi\Downloads\WINDOWS.X64_193000_db_home\bin;C:\Program Files\Common Files\Oracle\Java\javapath;C:\WINDOWS\system32;C:\WINDOWS;C:\WINDOWS\System32\Wbem;C:\WINDOWS\System32\WindowsPowerShell\v1.0\;C:\WINDOWS\System32\OpenSSH\;C:\MinGW\bin;C:\Program Files\Git\cmd;C:\Program Files\Docker\Docker\resources\bin;C:\Program Files\MySQL\MySQL Shell 8.0\bin\;C:\Users\Rishi\AppData\Local\Microsoft\WindowsApps;;C:\Users\Rishi\AppData\Local\Programs\Microsoft VS Code\bin;C:\WINDOWS\System32;
USERNAME=Rishi
OS=Windows_NT
PROCESSOR_IDENTIFIER=AMD64 Family 23 Model 104 Stepping 1, AuthenticAMD
TMP=C:\Users\Rishi\AppData\Local\Temp
TEMP=C:\Users\Rishi\AppData\Local\Temp




Periodic native trim disabled

---------------  S Y S T E M  ---------------

OS:
 Windows 11 , 64 bit Build 22621 (10.0.22621.5415)
OS uptime: 7 days 9:20 hours
Hyper-V role detected

CPU: total 12 (initial active 12) (12 cores per cpu, 2 threads per core) family 23 model 104 stepping 1 microcode 0x0, cx8, cmov, fxsr, ht, mmx, 3dnowpref, sse, sse2, sse3, ssse3, sse4a, sse4.1, sse4.2, popcnt, lzcnt, tsc, tscinvbit, avx, avx2, aes, clmul, bmi1, bmi2, adx, sha, fma, vzeroupper, clflush, clflushopt, hv, rdtscp, rdpid, f16c
Processor Information for processor 0
  Max Mhz: 2100, Current Mhz: 2100, Mhz Limit: 2100
Processor Information for processor 1
  Max Mhz: 2100, Current Mhz: 1813, Mhz Limit: 2100
Processor Information for processor 2
  Max Mhz: 2100, Current Mhz: 2100, Mhz Limit: 2100
Processor Information for processor 3
  Max Mhz: 2100, Current Mhz: 1813, Mhz Limit: 2100
Processor Information for processor 4
  Max Mhz: 2100, Current Mhz: 2100, Mhz Limit: 2100
Processor Information for processor 5
  Max Mhz: 2100, Current Mhz: 2100, Mhz Limit: 2100
Processor Information for processor 6
  Max Mhz: 2100, Current Mhz: 2100, Mhz Limit: 2100
Processor Information for processor 7
  Max Mhz: 2100, Current Mhz: 1813, Mhz Limit: 2100
Processor Information for processor 8
  Max Mhz: 2100, Current Mhz: 1813, Mhz Limit: 2100
Processor Information for processor 9
  Max Mhz: 2100, Current Mhz: 2100, Mhz Limit: 2100
Processor Information for processor 10
  Max Mhz: 2100, Current Mhz: 1813, Mhz Limit: 2100
Processor Information for processor 11
  Max Mhz: 2100, Current Mhz: 1813, Mhz Limit: 2100

Memory: 4k page, system-wide physical 6005M (201M free)
TotalPageFile size 24437M (AvailPageFile size 9M)
current process WorkingSet (physical memory assigned to process): 103M, peak: 103M
current process commit charge ("private bytes"): 206M, peak: 207M

vm_info: Java HotSpot(TM) 64-Bit Server VM (24.0.1+9-30) for windows-amd64 JRE (24.0.1+9-30), built on 2025-03-05T07:23:45Z with MS VC++ 17.6 (VS2022)

END.
